<?xml version="1.0" encoding="UTF-8"?>
<coverage generated="1509573447253" clover="3.2.0">
  <project timestamp="1509573447253" name="All files">
    <metrics statements="50" coveredstatements="50" conditionals="18" coveredconditionals="18" methods="11" coveredmethods="11" elements="79" coveredelements="79" complexity="0" loc="50" ncloc="50" packages="5" files="10" classes="10">
      <package name="__test__">
        <metrics statements="5" coveredstatements="5" conditionals="0" coveredconditionals="0" methods="4" coveredmethods="4"/>
        <file name="mockDateDotNow.js" path="/Users/joao/Desktop/X-Team Application/discount-ascii-warehouse/app/__test__/mockDateDotNow.js">
          <metrics statements="5" coveredstatements="5" conditionals="0" coveredconditionals="0" methods="4" coveredmethods="4"/>
          <line num="4" count="3" type="stmt"/>
          <line num="6" count="3" type="stmt"/>
          <line num="7" count="22" type="stmt"/>
          <line num="10" count="3" type="stmt"/>
          <line num="11" count="3" type="stmt"/>
        </file>
      </package>
      <package name="products">
        <metrics statements="6" coveredstatements="6" conditionals="0" coveredconditionals="0" methods="2" coveredmethods="2"/>
        <file name="ProductGrid.jsx" path="/Users/joao/Desktop/X-Team Application/discount-ascii-warehouse/app/products/ProductGrid.jsx">
          <metrics statements="3" coveredstatements="3" conditionals="0" coveredconditionals="0" methods="1" coveredmethods="1"/>
          <line num="5" count="1" type="stmt"/>
          <line num="6" count="1" type="stmt"/>
          <line num="9" count="1" type="stmt"/>
        </file>
        <file name="ProductGridItem.jsx" path="/Users/joao/Desktop/X-Team Application/discount-ascii-warehouse/app/products/ProductGridItem.jsx">
          <metrics statements="3" coveredstatements="3" conditionals="0" coveredconditionals="0" methods="1" coveredmethods="1"/>
          <line num="8" count="2" type="stmt"/>
          <line num="11" count="11" type="stmt"/>
          <line num="19" count="2" type="stmt"/>
        </file>
        <file name="productPropTypesShape.js" path="/Users/joao/Desktop/X-Team Application/discount-ascii-warehouse/app/products/productPropTypesShape.js">
          <metrics statements="0" coveredstatements="0" conditionals="0" coveredconditionals="0" methods="0" coveredmethods="0"/>
        </file>
      </package>
      <package name="products.__test__">
        <metrics statements="0" coveredstatements="0" conditionals="0" coveredconditionals="0" methods="0" coveredmethods="0"/>
        <file name="sampleProducts.js" path="/Users/joao/Desktop/X-Team Application/discount-ascii-warehouse/app/products/__test__/sampleProducts.js">
          <metrics statements="0" coveredstatements="0" conditionals="0" coveredconditionals="0" methods="0" coveredmethods="0"/>
        </file>
      </package>
      <package name="products.components">
        <metrics statements="12" coveredstatements="12" conditionals="0" coveredconditionals="0" methods="4" coveredmethods="4"/>
        <file name="ProductDate.jsx" path="/Users/joao/Desktop/X-Team Application/discount-ascii-warehouse/app/products/components/ProductDate.jsx">
          <metrics statements="3" coveredstatements="3" conditionals="0" coveredconditionals="0" methods="1" coveredmethods="1"/>
          <line num="5" count="3" type="stmt"/>
          <line num="6" count="22" type="stmt"/>
          <line num="9" count="3" type="stmt"/>
        </file>
        <file name="ProductFace.jsx" path="/Users/joao/Desktop/X-Team Application/discount-ascii-warehouse/app/products/components/ProductFace.jsx">
          <metrics statements="3" coveredstatements="3" conditionals="0" coveredconditionals="0" methods="1" coveredmethods="1"/>
          <line num="4" count="3" type="stmt"/>
          <line num="5" count="12" type="stmt"/>
          <line num="8" count="3" type="stmt"/>
        </file>
        <file name="ProductPrice.jsx" path="/Users/joao/Desktop/X-Team Application/discount-ascii-warehouse/app/products/components/ProductPrice.jsx">
          <metrics statements="3" coveredstatements="3" conditionals="0" coveredconditionals="0" methods="1" coveredmethods="1"/>
          <line num="4" count="3" type="stmt"/>
          <line num="5" count="12" type="stmt"/>
          <line num="8" count="3" type="stmt"/>
        </file>
        <file name="ProductSize.jsx" path="/Users/joao/Desktop/X-Team Application/discount-ascii-warehouse/app/products/components/ProductSize.jsx">
          <metrics statements="3" coveredstatements="3" conditionals="0" coveredconditionals="0" methods="1" coveredmethods="1"/>
          <line num="4" count="3" type="stmt"/>
          <line num="5" count="12" type="stmt"/>
          <line num="8" count="3" type="stmt"/>
        </file>
      </package>
      <package name="utils">
        <metrics statements="27" coveredstatements="27" conditionals="18" coveredconditionals="18" methods="1" coveredmethods="1"/>
        <file name="relativeDateInterval.js" path="/Users/joao/Desktop/X-Team Application/discount-ascii-warehouse/app/utils/relativeDateInterval.js">
          <metrics statements="27" coveredstatements="27" conditionals="18" coveredconditionals="18" methods="1" coveredmethods="1"/>
          <line num="7" count="3" type="stmt"/>
          <line num="8" count="22" type="stmt"/>
          <line num="9" count="22" type="stmt"/>
          <line num="11" count="22" type="stmt"/>
          <line num="12" count="22" type="stmt"/>
          <line num="13" count="22" type="stmt"/>
          <line num="14" count="22" type="stmt"/>
          <line num="18" count="22" type="cond" truecount="2" falsecount="0"/>
          <line num="19" count="6" type="stmt"/>
          <line num="20" count="16" type="cond" truecount="2" falsecount="0"/>
          <line num="21" count="1" type="stmt"/>
          <line num="22" count="15" type="cond" truecount="2" falsecount="0"/>
          <line num="23" count="1" type="stmt"/>
          <line num="24" count="14" type="cond" truecount="2" falsecount="0"/>
          <line num="25" count="1" type="stmt"/>
          <line num="26" count="13" type="cond" truecount="2" falsecount="0"/>
          <line num="27" count="1" type="stmt"/>
          <line num="28" count="12" type="cond" truecount="2" falsecount="0"/>
          <line num="29" count="2" type="stmt"/>
          <line num="30" count="10" type="cond" truecount="2" falsecount="0"/>
          <line num="31" count="1" type="stmt"/>
          <line num="32" count="9" type="cond" truecount="2" falsecount="0"/>
          <line num="33" count="2" type="stmt"/>
          <line num="34" count="7" type="cond" truecount="2" falsecount="0"/>
          <line num="35" count="6" type="stmt"/>
          <line num="37" count="1" type="stmt"/>
          <line num="40" count="22" type="stmt"/>
        </file>
      </package>
    </metrics>
  </project>
</coverage>
