<?xml version="1.0" encoding="UTF-8"?>
<coverage generated="1509570618277" clover="3.2.0">
  <project timestamp="1509570618277" name="All files">
    <metrics statements="42" coveredstatements="42" conditionals="18" coveredconditionals="18" methods="6" coveredmethods="6" elements="66" coveredelements="66" complexity="0" loc="42" ncloc="42" packages="2" files="6" classes="6">
      <package name="products">
        <metrics statements="15" coveredstatements="15" conditionals="0" coveredconditionals="0" methods="5" coveredmethods="5"/>
        <file name="ProductDate.jsx" path="/Users/joao/Desktop/X-Team Application/discount-ascii-warehouse/app/products/ProductDate.jsx">
          <metrics statements="3" coveredstatements="3" conditionals="0" coveredconditionals="0" methods="1" coveredmethods="1"/>
          <line num="5" count="2" type="stmt"/>
          <line num="6" count="11" type="stmt"/>
          <line num="9" count="2" type="stmt"/>
        </file>
        <file name="ProductFace.jsx" path="/Users/joao/Desktop/X-Team Application/discount-ascii-warehouse/app/products/ProductFace.jsx">
          <metrics statements="3" coveredstatements="3" conditionals="0" coveredconditionals="0" methods="1" coveredmethods="1"/>
          <line num="4" count="2" type="stmt"/>
          <line num="5" count="2" type="stmt"/>
          <line num="8" count="2" type="stmt"/>
        </file>
        <file name="ProductGridItem.jsx" path="/Users/joao/Desktop/X-Team Application/discount-ascii-warehouse/app/products/ProductGridItem.jsx">
          <metrics statements="3" coveredstatements="3" conditionals="0" coveredconditionals="0" methods="1" coveredmethods="1"/>
          <line num="8" count="1" type="stmt"/>
          <line num="11" count="1" type="stmt"/>
          <line num="19" count="1" type="stmt"/>
        </file>
        <file name="ProductPrice.jsx" path="/Users/joao/Desktop/X-Team Application/discount-ascii-warehouse/app/products/ProductPrice.jsx">
          <metrics statements="3" coveredstatements="3" conditionals="0" coveredconditionals="0" methods="1" coveredmethods="1"/>
          <line num="4" count="2" type="stmt"/>
          <line num="5" count="2" type="stmt"/>
          <line num="8" count="2" type="stmt"/>
        </file>
        <file name="ProductSize.jsx" path="/Users/joao/Desktop/X-Team Application/discount-ascii-warehouse/app/products/ProductSize.jsx">
          <metrics statements="3" coveredstatements="3" conditionals="0" coveredconditionals="0" methods="1" coveredmethods="1"/>
          <line num="4" count="2" type="stmt"/>
          <line num="5" count="2" type="stmt"/>
          <line num="8" count="2" type="stmt"/>
        </file>
      </package>
      <package name="utils">
        <metrics statements="27" coveredstatements="27" conditionals="18" coveredconditionals="18" methods="1" coveredmethods="1"/>
        <file name="relativeDateInterval.js" path="/Users/joao/Desktop/X-Team Application/discount-ascii-warehouse/app/utils/relativeDateInterval.js">
          <metrics statements="27" coveredstatements="27" conditionals="18" coveredconditionals="18" methods="1" coveredmethods="1"/>
          <line num="7" count="2" type="stmt"/>
          <line num="8" count="11" type="stmt"/>
          <line num="9" count="11" type="stmt"/>
          <line num="11" count="11" type="stmt"/>
          <line num="12" count="11" type="stmt"/>
          <line num="13" count="11" type="stmt"/>
          <line num="14" count="11" type="stmt"/>
          <line num="18" count="11" type="cond" truecount="2" falsecount="0"/>
          <line num="19" count="1" type="stmt"/>
          <line num="20" count="10" type="cond" truecount="2" falsecount="0"/>
          <line num="21" count="1" type="stmt"/>
          <line num="22" count="9" type="cond" truecount="2" falsecount="0"/>
          <line num="23" count="1" type="stmt"/>
          <line num="24" count="8" type="cond" truecount="2" falsecount="0"/>
          <line num="25" count="1" type="stmt"/>
          <line num="26" count="7" type="cond" truecount="2" falsecount="0"/>
          <line num="27" count="1" type="stmt"/>
          <line num="28" count="6" type="cond" truecount="2" falsecount="0"/>
          <line num="29" count="1" type="stmt"/>
          <line num="30" count="5" type="cond" truecount="2" falsecount="0"/>
          <line num="31" count="1" type="stmt"/>
          <line num="32" count="4" type="cond" truecount="2" falsecount="0"/>
          <line num="33" count="1" type="stmt"/>
          <line num="34" count="3" type="cond" truecount="2" falsecount="0"/>
          <line num="35" count="2" type="stmt"/>
          <line num="37" count="1" type="stmt"/>
          <line num="40" count="11" type="stmt"/>
        </file>
      </package>
    </metrics>
  </project>
</coverage>
