{"/Users/joao/Desktop/X-Team Application/discount-ascii-warehouse/app/products/ProductDate.jsx": {"path":"/Users/joao/Desktop/X-Team Application/discount-ascii-warehouse/app/products/ProductDate.jsx","statementMap":{"0":{"start":{"line":5,"column":20},"end":{"line":7,"column":1}},"1":{"start":{"line":6,"column":2},"end":{"line":6,"column":50}},"2":{"start":{"line":9,"column":0},"end":{"line":11,"column":2}}},"fnMap":{"0":{"name":"(anonymous_0)","decl":{"start":{"line":5,"column":20},"end":{"line":5,"column":21}},"loc":{"start":{"line":6,"column":2},"end":{"line":6,"column":50}},"line":6}},"branchMap":{},"s":{"0":2,"1":2,"2":2},"f":{"0":2},"b":{},"_coverageSchema":"332fd63041d2c1bcb487cc26dd0d5f7d97098a6c","hash":"62419691f93dc9363724fe47e020b6de3a1d1e1e"}
,"/Users/joao/Desktop/X-Team Application/discount-ascii-warehouse/app/products/ProductFace.jsx": {"path":"/Users/joao/Desktop/X-Team Application/discount-ascii-warehouse/app/products/ProductFace.jsx","statementMap":{"0":{"start":{"line":4,"column":20},"end":{"line":6,"column":1}},"1":{"start":{"line":5,"column":2},"end":{"line":5,"column":42}},"2":{"start":{"line":8,"column":0},"end":{"line":11,"column":2}}},"fnMap":{"0":{"name":"(anonymous_0)","decl":{"start":{"line":4,"column":20},"end":{"line":4,"column":21}},"loc":{"start":{"line":5,"column":2},"end":{"line":5,"column":42}},"line":5}},"branchMap":{},"s":{"0":2,"1":2,"2":2},"f":{"0":2},"b":{},"_coverageSchema":"332fd63041d2c1bcb487cc26dd0d5f7d97098a6c","hash":"4b21f9a92d7ad65d915a6bf3e625a16f359bade2"}
,"/Users/joao/Desktop/X-Team Application/discount-ascii-warehouse/app/products/ProductGridItem.jsx": {"path":"/Users/joao/Desktop/X-Team Application/discount-ascii-warehouse/app/products/ProductGridItem.jsx","statementMap":{"0":{"start":{"line":8,"column":24},"end":{"line":17,"column":1}},"1":{"start":{"line":11,"column":2},"end":{"line":16,"column":8}},"2":{"start":{"line":19,"column":0},"end":{"line":24,"column":2}}},"fnMap":{"0":{"name":"(anonymous_0)","decl":{"start":{"line":8,"column":24},"end":{"line":8,"column":25}},"loc":{"start":{"line":11,"column":2},"end":{"line":16,"column":8}},"line":11}},"branchMap":{},"s":{"0":1,"1":1,"2":1},"f":{"0":1},"b":{},"_coverageSchema":"332fd63041d2c1bcb487cc26dd0d5f7d97098a6c","hash":"84d0ea33047236fa6e477b4929cdf85ce7a94136"}
,"/Users/joao/Desktop/X-Team Application/discount-ascii-warehouse/app/products/ProductPrice.jsx": {"path":"/Users/joao/Desktop/X-Team Application/discount-ascii-warehouse/app/products/ProductPrice.jsx","statementMap":{"0":{"start":{"line":4,"column":21},"end":{"line":6,"column":1}},"1":{"start":{"line":5,"column":2},"end":{"line":5,"column":28}},"2":{"start":{"line":8,"column":0},"end":{"line":10,"column":2}}},"fnMap":{"0":{"name":"(anonymous_0)","decl":{"start":{"line":4,"column":21},"end":{"line":4,"column":22}},"loc":{"start":{"line":5,"column":2},"end":{"line":5,"column":28}},"line":5}},"branchMap":{},"s":{"0":2,"1":2,"2":2},"f":{"0":2},"b":{},"_coverageSchema":"332fd63041d2c1bcb487cc26dd0d5f7d97098a6c","hash":"b3cabe983cb15971ef8981cad525d3ed8a35d0b1"}
,"/Users/joao/Desktop/X-Team Application/discount-ascii-warehouse/app/products/ProductSize.jsx": {"path":"/Users/joao/Desktop/X-Team Application/discount-ascii-warehouse/app/products/ProductSize.jsx","statementMap":{"0":{"start":{"line":4,"column":20},"end":{"line":6,"column":1}},"1":{"start":{"line":5,"column":2},"end":{"line":5,"column":21}},"2":{"start":{"line":8,"column":0},"end":{"line":10,"column":2}}},"fnMap":{"0":{"name":"(anonymous_0)","decl":{"start":{"line":4,"column":20},"end":{"line":4,"column":21}},"loc":{"start":{"line":5,"column":2},"end":{"line":5,"column":21}},"line":5}},"branchMap":{},"s":{"0":2,"1":2,"2":2},"f":{"0":2},"b":{},"_coverageSchema":"332fd63041d2c1bcb487cc26dd0d5f7d97098a6c","hash":"f93e3be22e34d4ca7187a5ce4684921bce254ad8"}
,"/Users/joao/Desktop/X-Team Application/discount-ascii-warehouse/app/utils/relativeDateInterval.js": {"path":"/Users/joao/Desktop/X-Team Application/discount-ascii-warehouse/app/utils/relativeDateInterval.js","statementMap":{"0":{"start":{"line":7,"column":29},"end":{"line":39,"column":1}},"1":{"start":{"line":8,"column":15},"end":{"line":8,"column":32}},"2":{"start":{"line":9,"column":16},"end":{"line":9,"column":55}},"3":{"start":{"line":11,"column":17},"end":{"line":11,"column":19}},"4":{"start":{"line":12,"column":15},"end":{"line":12,"column":26}},"5":{"start":{"line":13,"column":14},"end":{"line":13,"column":23}},"6":{"start":{"line":14,"column":15},"end":{"line":14,"column":22}},"7":{"start":{"line":18,"column":2},"end":{"line":36,"column":3}},"8":{"start":{"line":19,"column":4},"end":{"line":19,"column":25}},"9":{"start":{"line":20,"column":9},"end":{"line":36,"column":3}},"10":{"start":{"line":21,"column":4},"end":{"line":21,"column":36}},"11":{"start":{"line":22,"column":9},"end":{"line":36,"column":3}},"12":{"start":{"line":23,"column":4},"end":{"line":23,"column":28}},"13":{"start":{"line":24,"column":9},"end":{"line":36,"column":3}},"14":{"start":{"line":25,"column":4},"end":{"line":25,"column":57}},"15":{"start":{"line":26,"column":9},"end":{"line":36,"column":3}},"16":{"start":{"line":27,"column":4},"end":{"line":27,"column":26}},"17":{"start":{"line":28,"column":9},"end":{"line":36,"column":3}},"18":{"start":{"line":29,"column":4},"end":{"line":29,"column":53}},"19":{"start":{"line":30,"column":9},"end":{"line":36,"column":3}},"20":{"start":{"line":31,"column":4},"end":{"line":31,"column":24}},"21":{"start":{"line":32,"column":9},"end":{"line":36,"column":3}},"22":{"start":{"line":33,"column":4},"end":{"line":33,"column":51}},"23":{"start":{"line":35,"column":4},"end":{"line":35,"column":77}},"24":{"start":{"line":38,"column":2},"end":{"line":38,"column":15}}},"fnMap":{"0":{"name":"(anonymous_0)","decl":{"start":{"line":7,"column":29},"end":{"line":7,"column":30}},"loc":{"start":{"line":7,"column":46},"end":{"line":39,"column":1}},"line":7}},"branchMap":{"0":{"loc":{"start":{"line":18,"column":2},"end":{"line":36,"column":3}},"type":"if","locations":[{"start":{"line":18,"column":2},"end":{"line":36,"column":3}},{"start":{"line":18,"column":2},"end":{"line":36,"column":3}}],"line":18},"1":{"loc":{"start":{"line":20,"column":9},"end":{"line":36,"column":3}},"type":"if","locations":[{"start":{"line":20,"column":9},"end":{"line":36,"column":3}},{"start":{"line":20,"column":9},"end":{"line":36,"column":3}}],"line":20},"2":{"loc":{"start":{"line":22,"column":9},"end":{"line":36,"column":3}},"type":"if","locations":[{"start":{"line":22,"column":9},"end":{"line":36,"column":3}},{"start":{"line":22,"column":9},"end":{"line":36,"column":3}}],"line":22},"3":{"loc":{"start":{"line":24,"column":9},"end":{"line":36,"column":3}},"type":"if","locations":[{"start":{"line":24,"column":9},"end":{"line":36,"column":3}},{"start":{"line":24,"column":9},"end":{"line":36,"column":3}}],"line":24},"4":{"loc":{"start":{"line":26,"column":9},"end":{"line":36,"column":3}},"type":"if","locations":[{"start":{"line":26,"column":9},"end":{"line":36,"column":3}},{"start":{"line":26,"column":9},"end":{"line":36,"column":3}}],"line":26},"5":{"loc":{"start":{"line":28,"column":9},"end":{"line":36,"column":3}},"type":"if","locations":[{"start":{"line":28,"column":9},"end":{"line":36,"column":3}},{"start":{"line":28,"column":9},"end":{"line":36,"column":3}}],"line":28},"6":{"loc":{"start":{"line":30,"column":9},"end":{"line":36,"column":3}},"type":"if","locations":[{"start":{"line":30,"column":9},"end":{"line":36,"column":3}},{"start":{"line":30,"column":9},"end":{"line":36,"column":3}}],"line":30},"7":{"loc":{"start":{"line":32,"column":9},"end":{"line":36,"column":3}},"type":"if","locations":[{"start":{"line":32,"column":9},"end":{"line":36,"column":3}},{"start":{"line":32,"column":9},"end":{"line":36,"column":3}}],"line":32}},"s":{"0":2,"1":2,"2":2,"3":2,"4":2,"5":2,"6":2,"7":2,"8":0,"9":2,"10":0,"11":2,"12":0,"13":2,"14":0,"15":2,"16":0,"17":2,"18":0,"19":2,"20":0,"21":2,"22":0,"23":2,"24":2},"f":{"0":2},"b":{"0":[0,2],"1":[0,2],"2":[0,2],"3":[0,2],"4":[0,2],"5":[0,2],"6":[0,2],"7":[0,2]},"_coverageSchema":"332fd63041d2c1bcb487cc26dd0d5f7d97098a6c","hash":"3819960f36a34f836d9830e58417756f0316db98"}
}
