{"/Users/joao/Desktop/X-Team Application/discount-ascii-warehouse/app/products/ProductDate.jsx": {"path":"/Users/joao/Desktop/X-Team Application/discount-ascii-warehouse/app/products/ProductDate.jsx","statementMap":{"0":{"start":{"line":5,"column":20},"end":{"line":7,"column":1}},"1":{"start":{"line":6,"column":2},"end":{"line":6,"column":50}},"2":{"start":{"line":9,"column":0},"end":{"line":11,"column":2}}},"fnMap":{"0":{"name":"(anonymous_0)","decl":{"start":{"line":5,"column":20},"end":{"line":5,"column":21}},"loc":{"start":{"line":6,"column":2},"end":{"line":6,"column":50}},"line":6}},"branchMap":{},"s":{"0":2,"1":11,"2":2},"f":{"0":11},"b":{},"_coverageSchema":"332fd63041d2c1bcb487cc26dd0d5f7d97098a6c","hash":"62419691f93dc9363724fe47e020b6de3a1d1e1e"}
,"/Users/joao/Desktop/X-Team Application/discount-ascii-warehouse/app/products/ProductFace.jsx": {"path":"/Users/joao/Desktop/X-Team Application/discount-ascii-warehouse/app/products/ProductFace.jsx","statementMap":{"0":{"start":{"line":4,"column":20},"end":{"line":6,"column":1}},"1":{"start":{"line":5,"column":2},"end":{"line":5,"column":42}},"2":{"start":{"line":8,"column":0},"end":{"line":11,"column":2}}},"fnMap":{"0":{"name":"(anonymous_0)","decl":{"start":{"line":4,"column":20},"end":{"line":4,"column":21}},"loc":{"start":{"line":5,"column":2},"end":{"line":5,"column":42}},"line":5}},"branchMap":{},"s":{"0":2,"1":2,"2":2},"f":{"0":2},"b":{},"_coverageSchema":"332fd63041d2c1bcb487cc26dd0d5f7d97098a6c","hash":"4b21f9a92d7ad65d915a6bf3e625a16f359bade2"}
,"/Users/joao/Desktop/X-Team Application/discount-ascii-warehouse/app/products/ProductGridItem.jsx": {"path":"/Users/joao/Desktop/X-Team Application/discount-ascii-warehouse/app/products/ProductGridItem.jsx","statementMap":{"0":{"start":{"line":8,"column":24},"end":{"line":17,"column":1}},"1":{"start":{"line":11,"column":2},"end":{"line":16,"column":8}},"2":{"start":{"line":19,"column":0},"end":{"line":24,"column":2}}},"fnMap":{"0":{"name":"(anonymous_0)","decl":{"start":{"line":8,"column":24},"end":{"line":8,"column":25}},"loc":{"start":{"line":11,"column":2},"end":{"line":16,"column":8}},"line":11}},"branchMap":{},"s":{"0":1,"1":1,"2":1},"f":{"0":1},"b":{},"_coverageSchema":"332fd63041d2c1bcb487cc26dd0d5f7d97098a6c","hash":"84d0ea33047236fa6e477b4929cdf85ce7a94136"}
,"/Users/joao/Desktop/X-Team Application/discount-ascii-warehouse/app/products/ProductPrice.jsx": {"path":"/Users/joao/Desktop/X-Team Application/discount-ascii-warehouse/app/products/ProductPrice.jsx","statementMap":{"0":{"start":{"line":4,"column":21},"end":{"line":6,"column":1}},"1":{"start":{"line":5,"column":2},"end":{"line":5,"column":28}},"2":{"start":{"line":8,"column":0},"end":{"line":10,"column":2}}},"fnMap":{"0":{"name":"(anonymous_0)","decl":{"start":{"line":4,"column":21},"end":{"line":4,"column":22}},"loc":{"start":{"line":5,"column":2},"end":{"line":5,"column":28}},"line":5}},"branchMap":{},"s":{"0":2,"1":2,"2":2},"f":{"0":2},"b":{},"_coverageSchema":"332fd63041d2c1bcb487cc26dd0d5f7d97098a6c","hash":"b3cabe983cb15971ef8981cad525d3ed8a35d0b1"}
,"/Users/joao/Desktop/X-Team Application/discount-ascii-warehouse/app/products/ProductSize.jsx": {"path":"/Users/joao/Desktop/X-Team Application/discount-ascii-warehouse/app/products/ProductSize.jsx","statementMap":{"0":{"start":{"line":4,"column":20},"end":{"line":6,"column":1}},"1":{"start":{"line":5,"column":2},"end":{"line":5,"column":21}},"2":{"start":{"line":8,"column":0},"end":{"line":10,"column":2}}},"fnMap":{"0":{"name":"(anonymous_0)","decl":{"start":{"line":4,"column":20},"end":{"line":4,"column":21}},"loc":{"start":{"line":5,"column":2},"end":{"line":5,"column":21}},"line":5}},"branchMap":{},"s":{"0":2,"1":2,"2":2},"f":{"0":2},"b":{},"_coverageSchema":"332fd63041d2c1bcb487cc26dd0d5f7d97098a6c","hash":"f93e3be22e34d4ca7187a5ce4684921bce254ad8"}
,"/Users/joao/Desktop/X-Team Application/discount-ascii-warehouse/app/utils/relativeDateInterval.js": {"path":"/Users/joao/Desktop/X-Team Application/discount-ascii-warehouse/app/utils/relativeDateInterval.js","statementMap":{"0":{"start":{"line":7,"column":29},"end":{"line":41,"column":1}},"1":{"start":{"line":8,"column":15},"end":{"line":8,"column":32}},"2":{"start":{"line":9,"column":16},"end":{"line":9,"column":54}},"3":{"start":{"line":11,"column":17},"end":{"line":11,"column":19}},"4":{"start":{"line":12,"column":15},"end":{"line":12,"column":26}},"5":{"start":{"line":13,"column":14},"end":{"line":13,"column":23}},"6":{"start":{"line":14,"column":15},"end":{"line":14,"column":22}},"7":{"start":{"line":18,"column":2},"end":{"line":38,"column":3}},"8":{"start":{"line":19,"column":4},"end":{"line":19,"column":27}},"9":{"start":{"line":20,"column":9},"end":{"line":38,"column":3}},"10":{"start":{"line":21,"column":4},"end":{"line":21,"column":24}},"11":{"start":{"line":22,"column":9},"end":{"line":38,"column":3}},"12":{"start":{"line":23,"column":4},"end":{"line":23,"column":35}},"13":{"start":{"line":24,"column":9},"end":{"line":38,"column":3}},"14":{"start":{"line":25,"column":4},"end":{"line":25,"column":27}},"15":{"start":{"line":26,"column":9},"end":{"line":38,"column":3}},"16":{"start":{"line":27,"column":4},"end":{"line":27,"column":56}},"17":{"start":{"line":28,"column":9},"end":{"line":38,"column":3}},"18":{"start":{"line":29,"column":4},"end":{"line":29,"column":25}},"19":{"start":{"line":30,"column":9},"end":{"line":38,"column":3}},"20":{"start":{"line":31,"column":4},"end":{"line":31,"column":52}},"21":{"start":{"line":32,"column":9},"end":{"line":38,"column":3}},"22":{"start":{"line":33,"column":4},"end":{"line":33,"column":24}},"23":{"start":{"line":34,"column":9},"end":{"line":38,"column":3}},"24":{"start":{"line":35,"column":4},"end":{"line":35,"column":50}},"25":{"start":{"line":37,"column":4},"end":{"line":37,"column":77}},"26":{"start":{"line":40,"column":2},"end":{"line":40,"column":15}}},"fnMap":{"0":{"name":"(anonymous_0)","decl":{"start":{"line":7,"column":29},"end":{"line":7,"column":30}},"loc":{"start":{"line":7,"column":46},"end":{"line":41,"column":1}},"line":7}},"branchMap":{"0":{"loc":{"start":{"line":18,"column":2},"end":{"line":38,"column":3}},"type":"if","locations":[{"start":{"line":18,"column":2},"end":{"line":38,"column":3}},{"start":{"line":18,"column":2},"end":{"line":38,"column":3}}],"line":18},"1":{"loc":{"start":{"line":20,"column":9},"end":{"line":38,"column":3}},"type":"if","locations":[{"start":{"line":20,"column":9},"end":{"line":38,"column":3}},{"start":{"line":20,"column":9},"end":{"line":38,"column":3}}],"line":20},"2":{"loc":{"start":{"line":22,"column":9},"end":{"line":38,"column":3}},"type":"if","locations":[{"start":{"line":22,"column":9},"end":{"line":38,"column":3}},{"start":{"line":22,"column":9},"end":{"line":38,"column":3}}],"line":22},"3":{"loc":{"start":{"line":24,"column":9},"end":{"line":38,"column":3}},"type":"if","locations":[{"start":{"line":24,"column":9},"end":{"line":38,"column":3}},{"start":{"line":24,"column":9},"end":{"line":38,"column":3}}],"line":24},"4":{"loc":{"start":{"line":26,"column":9},"end":{"line":38,"column":3}},"type":"if","locations":[{"start":{"line":26,"column":9},"end":{"line":38,"column":3}},{"start":{"line":26,"column":9},"end":{"line":38,"column":3}}],"line":26},"5":{"loc":{"start":{"line":28,"column":9},"end":{"line":38,"column":3}},"type":"if","locations":[{"start":{"line":28,"column":9},"end":{"line":38,"column":3}},{"start":{"line":28,"column":9},"end":{"line":38,"column":3}}],"line":28},"6":{"loc":{"start":{"line":30,"column":9},"end":{"line":38,"column":3}},"type":"if","locations":[{"start":{"line":30,"column":9},"end":{"line":38,"column":3}},{"start":{"line":30,"column":9},"end":{"line":38,"column":3}}],"line":30},"7":{"loc":{"start":{"line":32,"column":9},"end":{"line":38,"column":3}},"type":"if","locations":[{"start":{"line":32,"column":9},"end":{"line":38,"column":3}},{"start":{"line":32,"column":9},"end":{"line":38,"column":3}}],"line":32},"8":{"loc":{"start":{"line":34,"column":9},"end":{"line":38,"column":3}},"type":"if","locations":[{"start":{"line":34,"column":9},"end":{"line":38,"column":3}},{"start":{"line":34,"column":9},"end":{"line":38,"column":3}}],"line":34}},"s":{"0":2,"1":11,"2":11,"3":11,"4":11,"5":11,"6":11,"7":11,"8":1,"9":10,"10":1,"11":9,"12":1,"13":8,"14":1,"15":7,"16":1,"17":6,"18":1,"19":5,"20":1,"21":4,"22":1,"23":3,"24":2,"25":1,"26":11},"f":{"0":11},"b":{"0":[1,10],"1":[1,9],"2":[1,8],"3":[1,7],"4":[1,6],"5":[1,5],"6":[1,4],"7":[1,3],"8":[2,1]},"_coverageSchema":"332fd63041d2c1bcb487cc26dd0d5f7d97098a6c","hash":"6d82cebf47168426a9ba2e7c10fd311ec0850a07"}
}
