TN:
SF:/Users/joao/Desktop/X-Team Application/discount-ascii-warehouse/app/__test__/mockDateDotNow.js
FN:3,(anonymous_0)
FN:6,(anonymous_1)
FN:7,(anonymous_2)
FN:10,(anonymous_3)
FNF:4
FNH:4
FNDA:2,(anonymous_0)
FNDA:2,(anonymous_1)
FNDA:12,(anonymous_2)
FNDA:2,(anonymous_3)
DA:4,2
DA:6,2
DA:7,12
DA:10,2
DA:11,2
LF:5
LH:5
BRF:0
BRH:0
end_of_record
TN:
SF:/Users/joao/Desktop/X-Team Application/discount-ascii-warehouse/app/products/ProductGridItem.jsx
FN:8,(anonymous_0)
FNF:1
FNH:1
FNDA:1,(anonymous_0)
DA:8,1
DA:11,1
DA:19,1
LF:3
LH:3
BRF:0
BRH:0
end_of_record
TN:
SF:/Users/joao/Desktop/X-Team Application/discount-ascii-warehouse/app/products/components/ProductDate.jsx
FN:5,(anonymous_0)
FNF:1
FNH:1
FNDA:12,(anonymous_0)
DA:5,2
DA:6,12
DA:9,2
LF:3
LH:3
BRF:0
BRH:0
end_of_record
TN:
SF:/Users/joao/Desktop/X-Team Application/discount-ascii-warehouse/app/products/components/ProductFace.jsx
FN:4,(anonymous_0)
FNF:1
FNH:1
FNDA:2,(anonymous_0)
DA:4,2
DA:5,2
DA:8,2
LF:3
LH:3
BRF:0
BRH:0
end_of_record
TN:
SF:/Users/joao/Desktop/X-Team Application/discount-ascii-warehouse/app/products/components/ProductPrice.jsx
FN:4,(anonymous_0)
FNF:1
FNH:1
FNDA:2,(anonymous_0)
DA:4,2
DA:5,2
DA:8,2
LF:3
LH:3
BRF:0
BRH:0
end_of_record
TN:
SF:/Users/joao/Desktop/X-Team Application/discount-ascii-warehouse/app/products/components/ProductSize.jsx
FN:4,(anonymous_0)
FNF:1
FNH:1
FNDA:2,(anonymous_0)
DA:4,2
DA:5,2
DA:8,2
LF:3
LH:3
BRF:0
BRH:0
end_of_record
TN:
SF:/Users/joao/Desktop/X-Team Application/discount-ascii-warehouse/app/utils/relativeDateInterval.js
FN:7,(anonymous_0)
FNF:1
FNH:1
FNDA:12,(anonymous_0)
DA:7,2
DA:8,12
DA:9,12
DA:11,12
DA:12,12
DA:13,12
DA:14,12
DA:18,12
DA:19,1
DA:20,11
DA:21,1
DA:22,10
DA:23,1
DA:24,9
DA:25,1
DA:26,8
DA:27,1
DA:28,7
DA:29,2
DA:30,5
DA:31,1
DA:32,4
DA:33,1
DA:34,3
DA:35,2
DA:37,1
DA:40,12
LF:27
LH:27
BRDA:18,0,0,1
BRDA:18,0,1,11
BRDA:20,1,0,1
BRDA:20,1,1,10
BRDA:22,2,0,1
BRDA:22,2,1,9
BRDA:24,3,0,1
BRDA:24,3,1,8
BRDA:26,4,0,1
BRDA:26,4,1,7
BRDA:28,5,0,2
BRDA:28,5,1,5
BRDA:30,6,0,1
BRDA:30,6,1,4
BRDA:32,7,0,1
BRDA:32,7,1,3
BRDA:34,8,0,2
BRDA:34,8,1,1
BRF:18
BRH:18
end_of_record
