TN:
SF:/Users/joao/Desktop/X-Team Application/discount-ascii-warehouse/app/products/ProductDate.jsx
FN:5,(anonymous_0)
FNF:1
FNH:1
FNDA:2,(anonymous_0)
DA:5,2
DA:6,2
DA:9,2
LF:3
LH:3
BRF:0
BRH:0
end_of_record
TN:
SF:/Users/joao/Desktop/X-Team Application/discount-ascii-warehouse/app/products/ProductFace.jsx
FN:4,(anonymous_0)
FNF:1
FNH:1
FNDA:2,(anonymous_0)
DA:4,2
DA:5,2
DA:8,2
LF:3
LH:3
BRF:0
BRH:0
end_of_record
TN:
SF:/Users/joao/Desktop/X-Team Application/discount-ascii-warehouse/app/products/ProductGridItem.jsx
FN:8,(anonymous_0)
FNF:1
FNH:1
FNDA:1,(anonymous_0)
DA:8,1
DA:11,1
DA:19,1
LF:3
LH:3
BRF:0
BRH:0
end_of_record
TN:
SF:/Users/joao/Desktop/X-Team Application/discount-ascii-warehouse/app/products/ProductPrice.jsx
FN:4,(anonymous_0)
FNF:1
FNH:1
FNDA:2,(anonymous_0)
DA:4,2
DA:5,2
DA:8,2
LF:3
LH:3
BRF:0
BRH:0
end_of_record
TN:
SF:/Users/joao/Desktop/X-Team Application/discount-ascii-warehouse/app/products/ProductSize.jsx
FN:4,(anonymous_0)
FNF:1
FNH:1
FNDA:2,(anonymous_0)
DA:4,2
DA:5,2
DA:8,2
LF:3
LH:3
BRF:0
BRH:0
end_of_record
TN:
SF:/Users/joao/Desktop/X-Team Application/discount-ascii-warehouse/app/utils/relativeDateInterval.js
FN:7,(anonymous_0)
FNF:1
FNH:1
FNDA:2,(anonymous_0)
DA:7,2
DA:8,2
DA:9,2
DA:11,2
DA:12,2
DA:13,2
DA:14,2
DA:18,2
DA:19,0
DA:20,2
DA:21,0
DA:22,2
DA:23,0
DA:24,2
DA:25,0
DA:26,2
DA:27,0
DA:28,2
DA:29,0
DA:30,2
DA:31,0
DA:32,2
DA:33,0
DA:35,2
DA:38,2
LF:25
LH:17
BRDA:18,0,0,0
BRDA:18,0,1,2
BRDA:20,1,0,0
BRDA:20,1,1,2
BRDA:22,2,0,0
BRDA:22,2,1,2
BRDA:24,3,0,0
BRDA:24,3,1,2
BRDA:26,4,0,0
BRDA:26,4,1,2
BRDA:28,5,0,0
BRDA:28,5,1,2
BRDA:30,6,0,0
BRDA:30,6,1,2
BRDA:32,7,0,0
BRDA:32,7,1,2
BRF:16
BRH:8
end_of_record
